I, [2020-01-17T14:54:38.555835 #564020]  INFO -- : Registered expected interaction GET /cars/1
D, [2020-01-17T14:54:38.556104 #564020] DEBUG -- : {
  "description": "a request for a specific car",
  "providerState": "There is a car registered",
  "request": {
    "method": "GET",
    "path": "/cars/1",
    "headers": {
      "Accept": "application/json"
    }
  },
  "response": {
    "status": 200,
    "headers": {
      "Content-Type": "application/json; charset=utf-8"
    },
    "body": {
      "id": 1,
      "name": "Fusca"
    }
  }
}
W, [2020-01-17T14:54:38.579004 #564020]  WARN -- : Verifying - actual interactions do not match expected interactions. 
Missing requests:
	GET /cars/1


W, [2020-01-17T14:54:38.579054 #564020]  WARN -- : Missing requests:
	GET /cars/1


I, [2020-01-17T14:54:38.583110 #564020]  INFO -- : Cleared interactions
